{"level":"info","message":"init","timestamp":"2022-09-14 04:26:11 PM +0200"}
{"level":"info","message":"init","timestamp":"2022-09-14 04:26:55 PM +0200"}
{"level":"info","message":"init","timestamp":"2022-09-14 04:27:30 PM +0200"}
{"level":"info","message":"init","timestamp":"2022-09-14 04:28:06 PM +0200"}
{"level":"info","message":"init","timestamp":"2022-09-14 04:28:24 PM +0200"}
{"level":"info","message":"init","timestamp":"2022-09-14 04:28:28 PM +0200"}
{"level":"info","message":"init","timestamp":"2022-09-14 04:28:33 PM +0200"}
{"level":"info","message":"init","timestamp":"2022-09-14 04:28:38 PM +0200"}
{"level":"info","message":"init","timestamp":"2022-09-14 04:28:39 PM +0200"}
{"level":"info","message":"init","timestamp":"2022-09-14 04:28:57 PM +0200"}
{"level":"info","message":"init","timestamp":"2022-09-14 04:29:04 PM +0200"}
{"level":"info","message":"init","timestamp":"2022-09-14 04:29:06 PM +0200"}
{"level":"info","message":"init","timestamp":"2022-09-14 04:29:14 PM +0200"}
{"level":"info","message":"init","timestamp":"2022-09-14 04:29:19 PM +0200"}
{"level":"info","message":"init","timestamp":"2022-09-14 04:29:25 PM +0200"}
{"level":"info","message":"init","timestamp":"2022-09-14 04:29:28 PM +0200"}
{"level":"info","message":"init","timestamp":"2022-09-14 04:29:31 PM +0200"}
{"level":"info","message":"init","timestamp":"2022-09-14 04:29:33 PM +0200"}
{"level":"info","message":"init","timestamp":"2022-09-14 04:29:36 PM +0200"}
{"level":"info","message":"init","timestamp":"2022-09-14 04:29:44 PM +0200"}
{"level":"info","message":"init","timestamp":"2022-09-14 04:29:45 PM +0200"}
{"level":"info","message":"init","timestamp":"2022-09-14 04:29:47 PM +0200"}
{"level":"info","message":"init","timestamp":"2022-09-14 04:29:50 PM +0200"}
{"level":"info","message":"init","timestamp":"2022-09-14 04:29:51 PM +0200"}
{"level":"info","message":"init","timestamp":"2022-09-14 04:29:55 PM +0200"}
{"level":"info","message":"init","timestamp":"2022-09-14 04:30:00 PM +0200"}
{"level":"info","message":"init","timestamp":"2022-09-14 04:30:02 PM +0200"}
{"level":"info","message":"init","timestamp":"2022-09-14 04:30:03 PM +0200"}
{"level":"info","message":"init","timestamp":"2022-09-14 04:30:04 PM +0200"}
{"level":"info","message":"init","timestamp":"2022-09-14 04:30:10 PM +0200"}
{"level":"info","message":"init","timestamp":"2022-09-14 04:30:12 PM +0200"}
{"level":"info","message":"init","timestamp":"2022-09-14 04:30:17 PM +0200"}
{"level":"info","message":"init","timestamp":"2022-09-14 04:41:58 PM +0200"}
{"level":"info","message":"init","timestamp":"2022-09-14 04:42:00 PM +0200"}
{"level":"info","message":"init","timestamp":"2022-09-14 04:42:07 PM +0200"}
{"level":"info","message":"init","timestamp":"2022-09-14 04:42:46 PM +0200"}
{"level":"info","message":"init","timestamp":"2022-09-14 04:42:54 PM +0200"}
{"level":"info","message":"init","timestamp":"2022-09-14 04:42:56 PM +0200"}
{"level":"info","message":"init","timestamp":"2022-09-14 04:42:58 PM +0200"}
{"level":"info","message":"init","timestamp":"2022-09-14 04:43:02 PM +0200"}
{"level":"info","message":"init","timestamp":"2022-09-14 04:43:06 PM +0200"}
{"level":"info","message":"init","timestamp":"2022-09-14 04:43:07 PM +0200"}
{"level":"info","message":"init","timestamp":"2022-09-14 04:43:12 PM +0200"}
{"level":"info","message":"init","timestamp":"2022-09-14 04:43:26 PM +0200"}
{"level":"info","message":"init","timestamp":"2022-09-14 04:43:32 PM +0200"}
{"level":"info","message":"init","timestamp":"2022-09-14 04:43:42 PM +0200"}
{"level":"info","message":"init","timestamp":"2022-09-14 04:43:49 PM +0200"}
{"level":"info","message":"init","timestamp":"2022-09-14 04:43:54 PM +0200"}
{"level":"info","message":"init","timestamp":"2022-09-14 04:44:04 PM +0200"}
{"level":"info","message":"init","timestamp":"2022-09-14 04:44:05 PM +0200"}
{"level":"info","message":"init","timestamp":"2022-09-14 04:44:30 PM +0200"}
{"level":"info","message":"init","timestamp":"2022-09-14 04:44:34 PM +0200"}
{"level":"info","message":"init","timestamp":"2022-09-14 04:44:42 PM +0200"}
{"level":"info","message":"init","timestamp":"2022-09-14 04:44:45 PM +0200"}
{"level":"info","message":"init","timestamp":"2022-09-14 04:44:49 PM +0200"}
{"level":"info","message":"init","timestamp":"2022-09-14 04:45:05 PM +0200"}
{"level":"info","message":"init","timestamp":"2022-09-14 04:45:09 PM +0200"}
{"level":"info","message":"init","timestamp":"2022-09-14 04:45:18 PM +0200"}
{"level":"info","message":"init","timestamp":"2022-09-14 04:45:26 PM +0200"}
{"level":"info","message":"init","timestamp":"2022-09-14 04:45:29 PM +0200"}
{"level":"info","message":"init","timestamp":"2022-09-14 04:45:31 PM +0200"}
{"level":"info","message":"init","timestamp":"2022-09-14 04:45:33 PM +0200"}
{"level":"info","message":"init","timestamp":"2022-09-14 04:45:41 PM +0200"}
{"level":"info","message":"init","timestamp":"2022-09-14 04:45:47 PM +0200"}
{"level":"info","message":"init","timestamp":"2022-09-14 04:45:51 PM +0200"}
{"level":"info","message":"init","timestamp":"2022-09-14 04:45:55 PM +0200"}
{"level":"info","message":"init","timestamp":"2022-09-14 04:45:58 PM +0200"}
{"level":"info","message":"init","timestamp":"2022-09-14 04:46:05 PM +0200"}
{"level":"info","message":"init","timestamp":"2022-09-14 04:46:08 PM +0200"}
{"level":"info","message":"init","timestamp":"2022-09-14 04:46:12 PM +0200"}
{"level":"info","message":"init","timestamp":"2022-09-14 04:46:14 PM +0200"}
{"level":"info","message":"init","timestamp":"2022-09-14 04:46:16 PM +0200"}
{"level":"info","message":"init","timestamp":"2022-09-14 04:46:17 PM +0200"}
{"level":"info","message":"init","timestamp":"2022-09-14 04:46:21 PM +0200"}
{"level":"info","message":"init","timestamp":"2022-09-14 04:46:24 PM +0200"}
{"level":"info","message":"init","timestamp":"2022-09-14 04:46:30 PM +0200"}
{"level":"info","message":"init","timestamp":"2022-09-14 04:46:50 PM +0200"}
{"level":"info","message":"init","timestamp":"2022-09-14 04:46:53 PM +0200"}
{"level":"info","message":"init","timestamp":"2022-09-14 04:46:57 PM +0200"}
{"level":"info","message":"init","timestamp":"2022-09-14 04:47:02 PM +0200"}
{"level":"info","message":"init","timestamp":"2022-09-14 04:47:06 PM +0200"}
{"level":"info","message":"init","timestamp":"2022-09-14 04:47:10 PM +0200"}
{"level":"info","message":"init","timestamp":"2022-09-14 04:47:13 PM +0200"}
{"level":"info","message":"init","timestamp":"2022-09-14 04:47:29 PM +0200"}
{"level":"info","message":"init","timestamp":"2022-09-14 04:47:46 PM +0200"}
{"level":"info","message":"init","timestamp":"2022-09-14 04:47:52 PM +0200"}
{"level":"info","message":"init","timestamp":"2022-09-14 04:47:56 PM +0200"}
{"level":"info","message":"init","timestamp":"2022-09-14 04:47:59 PM +0200"}
{"level":"info","message":"init","timestamp":"2022-09-14 04:48:01 PM +0200"}
{"level":"info","message":"init","timestamp":"2022-09-14 04:48:03 PM +0200"}
{"level":"info","message":"init","timestamp":"2022-09-14 04:48:07 PM +0200"}
{"level":"info","message":"init","timestamp":"2022-09-14 04:48:08 PM +0200"}
{"level":"info","message":"init","timestamp":"2022-09-14 04:48:09 PM +0200"}
{"level":"info","message":"init","timestamp":"2022-09-14 04:48:11 PM +0200"}
{"level":"info","message":"init","timestamp":"2022-09-14 04:48:14 PM +0200"}
{"level":"info","message":"init","timestamp":"2022-09-14 04:48:16 PM +0200"}
{"level":"info","message":"init","timestamp":"2022-09-14 04:48:20 PM +0200"}
{"level":"info","message":"init","timestamp":"2022-09-14 04:48:26 PM +0200"}
{"level":"info","message":"init","timestamp":"2022-09-14 04:48:29 PM +0200"}
{"level":"info","message":"init","timestamp":"2022-09-14 04:48:32 PM +0200"}
{"level":"info","message":"init","timestamp":"2022-09-14 04:48:34 PM +0200"}
{"level":"info","message":"init","timestamp":"2022-09-14 04:48:37 PM +0200"}
{"level":"info","message":"init","timestamp":"2022-09-14 04:48:41 PM +0200"}
{"level":"info","message":"init","timestamp":"2022-09-14 04:48:47 PM +0200"}
{"level":"info","message":"init","timestamp":"2022-09-14 04:51:32 PM +0200"}
{"level":"info","message":"init","timestamp":"2022-09-14 04:51:36 PM +0200"}
{"level":"info","message":"init","timestamp":"2022-09-14 04:51:50 PM +0200"}
{"level":"info","message":"init","timestamp":"2022-09-14 05:16:03 PM +0200"}
{"level":"info","message":"init","timestamp":"2022-09-14 05:16:41 PM +0200"}
{"level":"info","message":"init","timestamp":"2022-09-14 05:17:00 PM +0200"}
{"level":"info","message":"init","timestamp":"2022-09-14 05:17:02 PM +0200"}
{"level":"info","message":"init","timestamp":"2022-09-14 05:17:05 PM +0200"}
{"level":"info","message":"init","timestamp":"2022-09-14 05:17:19 PM +0200"}
{"level":"info","message":"init","timestamp":"2022-09-14 05:17:40 PM +0200"}
{"level":"info","message":"init","timestamp":"2022-09-14 05:19:17 PM +0200"}
{"level":"info","message":"signup save ok for test@gmail.com","timestamp":"2022-09-14 05:21:58 PM +0200"}
{"level":"error","message":"error incorrect user => a.a@gmail.com","timestamp":"2022-09-14 05:22:38 PM +0200"}
{"level":"error","message":"error incorrect user => a.f@gmail.com","timestamp":"2022-09-14 06:23:28 PM +0200"}
{"level":"info","message":"init","timestamp":"2022-09-14 10:21:35 PM +0200"}
{"level":"info","message":"init","timestamp":"2022-09-14 10:21:42 PM +0200"}
{"level":"info","message":"init","timestamp":"2022-09-14 10:21:54 PM +0200"}
{"level":"info","message":"init","timestamp":"2022-09-14 10:26:35 PM +0200"}
{"level":"info","message":"signup save ok for test2@gmail.com","timestamp":"2022-09-14 10:29:05 PM +0200"}
{"level":"info","message":"init","timestamp":"2022-09-14 10:31:40 PM +0200"}
{"level":"info","message":"init","timestamp":"2022-09-14 10:31:49 PM +0200"}
{"level":"info","message":"init","timestamp":"2022-09-14 10:33:29 PM +0200"}
{"level":"info","message":"init","timestamp":"2022-09-14 10:33:48 PM +0200"}
{"level":"info","message":"init","timestamp":"2022-09-14 10:33:50 PM +0200"}
{"level":"info","message":"init","timestamp":"2022-09-14 10:33:53 PM +0200"}
{"level":"info","message":"init","timestamp":"2022-09-14 10:33:54 PM +0200"}
{"level":"info","message":"init","timestamp":"2022-09-14 10:33:59 PM +0200"}
{"level":"info","message":"init","timestamp":"2022-09-14 10:34:04 PM +0200"}
{"level":"info","message":"init","timestamp":"2022-09-14 10:34:09 PM +0200"}
{"level":"info","message":"init","timestamp":"2022-09-14 10:34:11 PM +0200"}
{"level":"info","message":"init","timestamp":"2022-09-14 10:34:14 PM +0200"}
{"level":"info","message":"init","timestamp":"2022-09-14 10:34:16 PM +0200"}
{"level":"info","message":"init","timestamp":"2022-09-14 10:34:17 PM +0200"}
{"level":"info","message":"init","timestamp":"2022-09-14 10:34:19 PM +0200"}
{"level":"info","message":"init","timestamp":"2022-09-14 10:34:22 PM +0200"}
{"level":"info","message":"init","timestamp":"2022-09-14 10:34:23 PM +0200"}
{"level":"info","message":"init","timestamp":"2022-09-14 10:34:31 PM +0200"}
{"level":"info","message":"init","timestamp":"2022-09-14 10:34:36 PM +0200"}
{"level":"info","message":"init","timestamp":"2022-09-14 10:34:38 PM +0200"}
{"level":"info","message":"init","timestamp":"2022-09-14 10:34:41 PM +0200"}
{"level":"info","message":"init","timestamp":"2022-09-14 10:34:49 PM +0200"}
{"level":"info","message":"init","timestamp":"2022-09-14 10:34:55 PM +0200"}
{"level":"info","message":"init","timestamp":"2022-09-14 10:34:57 PM +0200"}
{"level":"info","message":"init","timestamp":"2022-09-14 10:35:00 PM +0200"}
{"level":"info","message":"init","timestamp":"2022-09-14 10:35:02 PM +0200"}
{"level":"info","message":"init","timestamp":"2022-09-14 10:35:06 PM +0200"}
{"level":"info","message":"init","timestamp":"2022-09-14 10:35:19 PM +0200"}
{"level":"info","message":"init","timestamp":"2022-09-14 10:35:20 PM +0200"}
{"level":"info","message":"init","timestamp":"2022-09-14 10:35:28 PM +0200"}
{"level":"info","message":"init","timestamp":"2022-09-14 10:35:31 PM +0200"}
{"level":"info","message":"init","timestamp":"2022-09-14 10:35:36 PM +0200"}
{"level":"info","message":"init","timestamp":"2022-09-14 10:35:37 PM +0200"}
{"level":"info","message":"init","timestamp":"2022-09-14 10:35:42 PM +0200"}
{"level":"info","message":"init","timestamp":"2022-09-14 10:35:47 PM +0200"}
{"level":"info","message":"init","timestamp":"2022-09-14 10:35:53 PM +0200"}
{"level":"info","message":"init","timestamp":"2022-09-14 10:35:57 PM +0200"}
{"level":"info","message":"init","timestamp":"2022-09-14 10:36:05 PM +0200"}
{"level":"info","message":"init","timestamp":"2022-09-14 10:36:09 PM +0200"}
{"level":"info","message":"init","timestamp":"2022-09-14 10:36:11 PM +0200"}
{"level":"info","message":"init","timestamp":"2022-09-14 10:36:17 PM +0200"}
{"level":"info","message":"init","timestamp":"2022-09-14 10:36:26 PM +0200"}
{"level":"info","message":"init","timestamp":"2022-09-14 10:36:29 PM +0200"}
{"level":"info","message":"init","timestamp":"2022-09-14 10:36:32 PM +0200"}
{"level":"info","message":"init","timestamp":"2022-09-14 10:36:37 PM +0200"}
{"level":"info","message":"init","timestamp":"2022-09-14 10:36:41 PM +0200"}
{"level":"info","message":"init","timestamp":"2022-09-14 10:36:43 PM +0200"}
{"level":"info","message":"init","timestamp":"2022-09-14 10:36:51 PM +0200"}
{"level":"info","message":"init","timestamp":"2022-09-14 10:36:54 PM +0200"}
{"level":"info","message":"init","timestamp":"2022-09-14 10:36:58 PM +0200"}
{"level":"info","message":"init","timestamp":"2022-09-14 10:37:03 PM +0200"}
{"level":"info","message":"init","timestamp":"2022-09-14 10:37:06 PM +0200"}
{"level":"info","message":"init","timestamp":"2022-09-14 10:37:09 PM +0200"}
{"level":"info","message":"init","timestamp":"2022-09-14 10:37:13 PM +0200"}
{"level":"info","message":"init","timestamp":"2022-09-14 10:37:15 PM +0200"}
{"level":"info","message":"init","timestamp":"2022-09-14 10:37:17 PM +0200"}
{"level":"info","message":"init","timestamp":"2022-09-14 10:37:20 PM +0200"}
{"level":"info","message":"init","timestamp":"2022-09-14 10:37:25 PM +0200"}
{"level":"info","message":"init","timestamp":"2022-09-14 10:37:27 PM +0200"}
{"level":"info","message":"init","timestamp":"2022-09-14 10:37:28 PM +0200"}
{"level":"info","message":"init","timestamp":"2022-09-14 10:37:31 PM +0200"}
{"level":"info","message":"init","timestamp":"2022-09-14 10:37:32 PM +0200"}
{"level":"info","message":"init","timestamp":"2022-09-14 10:37:34 PM +0200"}
{"level":"info","message":"init","timestamp":"2022-09-14 10:37:36 PM +0200"}
{"level":"info","message":"init","timestamp":"2022-09-14 10:37:38 PM +0200"}
{"level":"info","message":"init","timestamp":"2022-09-14 10:37:39 PM +0200"}
{"level":"info","message":"init","timestamp":"2022-09-14 10:37:41 PM +0200"}
{"level":"info","message":"init","timestamp":"2022-09-14 10:37:45 PM +0200"}
{"level":"info","message":"init","timestamp":"2022-09-14 10:37:46 PM +0200"}
{"level":"info","message":"init","timestamp":"2022-09-14 10:37:48 PM +0200"}
{"level":"info","message":"init","timestamp":"2022-09-14 10:37:52 PM +0200"}
{"level":"info","message":"init","timestamp":"2022-09-14 10:38:04 PM +0200"}
{"level":"info","message":"init","timestamp":"2022-09-14 10:38:08 PM +0200"}
{"level":"info","message":"init","timestamp":"2022-09-14 10:38:12 PM +0200"}
{"level":"info","message":"init","timestamp":"2022-09-14 10:38:15 PM +0200"}
{"level":"info","message":"init","timestamp":"2022-09-14 10:38:17 PM +0200"}
{"level":"info","message":"init","timestamp":"2022-09-14 10:38:24 PM +0200"}
{"level":"info","message":"init","timestamp":"2022-09-14 10:38:27 PM +0200"}
{"level":"info","message":"init","timestamp":"2022-09-14 10:38:31 PM +0200"}
{"level":"info","message":"init","timestamp":"2022-09-14 10:38:34 PM +0200"}
{"level":"info","message":"init","timestamp":"2022-09-14 10:38:40 PM +0200"}
{"level":"info","message":"init","timestamp":"2022-09-14 10:38:42 PM +0200"}
{"level":"info","message":"init","timestamp":"2022-09-14 10:38:49 PM +0200"}
{"level":"info","message":"init","timestamp":"2022-09-14 10:38:58 PM +0200"}
{"level":"info","message":"init","timestamp":"2022-09-14 10:38:58 PM +0200"}
{"level":"info","message":"init","timestamp":"2022-09-14 10:39:01 PM +0200"}
{"level":"info","message":"init","timestamp":"2022-09-14 10:39:03 PM +0200"}
{"level":"info","message":"init","timestamp":"2022-09-14 10:39:04 PM +0200"}
{"level":"info","message":"init","timestamp":"2022-09-14 10:39:07 PM +0200"}
{"level":"info","message":"init","timestamp":"2022-09-14 10:39:09 PM +0200"}
{"level":"info","message":"init","timestamp":"2022-09-14 10:39:11 PM +0200"}
{"level":"info","message":"init","timestamp":"2022-09-14 10:39:13 PM +0200"}
{"level":"info","message":"init","timestamp":"2022-09-14 10:39:16 PM +0200"}
{"level":"info","message":"init","timestamp":"2022-09-14 10:39:22 PM +0200"}
{"level":"info","message":"init","timestamp":"2022-09-14 10:41:42 PM +0200"}
{"level":"info","message":"init","timestamp":"2022-09-14 10:42:45 PM +0200"}
{"level":"info","message":"init","timestamp":"2022-09-14 10:42:49 PM +0200"}
{"level":"info","message":"init","timestamp":"2022-09-14 10:43:12 PM +0200"}
{"level":"info","message":"init","timestamp":"2022-09-14 10:50:30 PM +0200"}
{"level":"info","message":"init","timestamp":"2022-09-14 10:52:39 PM +0200"}
{"level":"info","message":"init","timestamp":"2022-09-14 10:53:25 PM +0200"}
{"level":"info","message":"init","timestamp":"2022-09-14 10:53:48 PM +0200"}
{"level":"info","message":"init","timestamp":"2022-09-14 10:53:51 PM +0200"}
{"level":"info","message":"init","timestamp":"2022-09-14 10:53:58 PM +0200"}
{"level":"info","message":"init","timestamp":"2022-09-14 10:54:03 PM +0200"}
{"level":"info","message":"init","timestamp":"2022-09-14 10:54:07 PM +0200"}
{"level":"info","message":"init","timestamp":"2022-09-14 10:54:10 PM +0200"}
{"level":"info","message":"init","timestamp":"2022-09-14 10:54:12 PM +0200"}
{"level":"info","message":"init","timestamp":"2022-09-14 10:54:15 PM +0200"}
{"level":"info","message":"init","timestamp":"2022-09-14 10:54:17 PM +0200"}
{"level":"info","message":"init","timestamp":"2022-09-14 10:54:18 PM +0200"}
{"level":"info","message":"init","timestamp":"2022-09-14 10:54:19 PM +0200"}
{"level":"info","message":"init","timestamp":"2022-09-14 10:54:22 PM +0200"}
{"level":"info","message":"init","timestamp":"2022-09-14 10:54:27 PM +0200"}
{"level":"info","message":"init","timestamp":"2022-09-14 10:54:29 PM +0200"}
{"level":"info","message":"init","timestamp":"2022-09-14 10:54:33 PM +0200"}
{"level":"info","message":"init","timestamp":"2022-09-14 10:54:34 PM +0200"}
{"level":"info","message":"init","timestamp":"2022-09-14 10:54:38 PM +0200"}
{"level":"info","message":"init","timestamp":"2022-09-14 10:54:39 PM +0200"}
{"level":"info","message":"init","timestamp":"2022-09-14 10:54:41 PM +0200"}
{"level":"info","message":"init","timestamp":"2022-09-14 10:54:45 PM +0200"}
{"level":"info","message":"init","timestamp":"2022-09-14 10:54:47 PM +0200"}
{"level":"info","message":"init","timestamp":"2022-09-14 10:54:48 PM +0200"}
{"level":"info","message":"init","timestamp":"2022-09-14 10:54:51 PM +0200"}
{"level":"info","message":"init","timestamp":"2022-09-14 10:54:52 PM +0200"}
{"level":"info","message":"init","timestamp":"2022-09-14 10:54:56 PM +0200"}
{"level":"info","message":"init","timestamp":"2022-09-14 10:54:57 PM +0200"}
{"level":"info","message":"init","timestamp":"2022-09-14 10:55:01 PM +0200"}
{"level":"info","message":"init","timestamp":"2022-09-14 10:55:07 PM +0200"}
{"level":"info","message":"init","timestamp":"2022-09-14 10:55:08 PM +0200"}
{"level":"info","message":"init","timestamp":"2022-09-14 10:55:12 PM +0200"}
{"level":"info","message":"init","timestamp":"2022-09-14 10:55:14 PM +0200"}
{"level":"info","message":"init","timestamp":"2022-09-14 10:55:15 PM +0200"}
{"level":"info","message":"init","timestamp":"2022-09-14 10:55:19 PM +0200"}
{"level":"info","message":"init","timestamp":"2022-09-14 10:55:22 PM +0200"}
{"level":"info","message":"init","timestamp":"2022-09-14 10:55:24 PM +0200"}
{"level":"info","message":"init","timestamp":"2022-09-14 10:55:26 PM +0200"}
{"level":"info","message":"init","timestamp":"2022-09-14 10:55:27 PM +0200"}
{"level":"info","message":"init","timestamp":"2022-09-14 10:55:28 PM +0200"}
{"level":"info","message":"init","timestamp":"2022-09-14 10:55:30 PM +0200"}
{"level":"info","message":"init","timestamp":"2022-09-14 10:55:31 PM +0200"}
{"level":"info","message":"init","timestamp":"2022-09-14 10:55:35 PM +0200"}
{"level":"info","message":"init","timestamp":"2022-09-14 10:55:37 PM +0200"}
{"level":"info","message":"init","timestamp":"2022-09-14 10:55:40 PM +0200"}
{"level":"info","message":"init","timestamp":"2022-09-14 10:55:42 PM +0200"}
{"level":"info","message":"init","timestamp":"2022-09-14 10:55:44 PM +0200"}
{"level":"info","message":"init","timestamp":"2022-09-14 10:55:45 PM +0200"}
{"level":"info","message":"init","timestamp":"2022-09-14 10:55:47 PM +0200"}
{"level":"info","message":"init","timestamp":"2022-09-14 10:55:49 PM +0200"}
{"level":"info","message":"init","timestamp":"2022-09-14 10:55:52 PM +0200"}
{"level":"info","message":"init","timestamp":"2022-09-14 10:55:56 PM +0200"}
{"level":"info","message":"init","timestamp":"2022-09-14 10:55:58 PM +0200"}
{"level":"info","message":"init","timestamp":"2022-09-14 10:56:01 PM +0200"}
{"level":"info","message":"init","timestamp":"2022-09-14 10:56:05 PM +0200"}
{"level":"info","message":"init","timestamp":"2022-09-14 10:56:10 PM +0200"}
{"level":"info","message":"init","timestamp":"2022-09-14 10:56:30 PM +0200"}
{"level":"info","message":"init","timestamp":"2022-09-14 10:56:36 PM +0200"}
{"level":"info","message":"init","timestamp":"2022-09-14 10:56:37 PM +0200"}
{"level":"info","message":"init","timestamp":"2022-09-14 10:56:41 PM +0200"}
{"level":"info","message":"init","timestamp":"2022-09-14 10:56:45 PM +0200"}
{"level":"info","message":"init","timestamp":"2022-09-14 10:56:48 PM +0200"}
{"level":"info","message":"init","timestamp":"2022-09-14 10:56:49 PM +0200"}
{"level":"info","message":"init","timestamp":"2022-09-14 10:56:51 PM +0200"}
{"level":"info","message":"init","timestamp":"2022-09-14 10:56:55 PM +0200"}
{"level":"info","message":"init","timestamp":"2022-09-14 10:56:59 PM +0200"}
{"level":"info","message":"init","timestamp":"2022-09-14 10:57:01 PM +0200"}
{"level":"info","message":"init","timestamp":"2022-09-14 10:57:02 PM +0200"}
{"level":"info","message":"init","timestamp":"2022-09-14 10:57:06 PM +0200"}
{"level":"info","message":"init","timestamp":"2022-09-14 10:57:09 PM +0200"}
{"level":"info","message":"init","timestamp":"2022-09-14 10:57:13 PM +0200"}
{"level":"info","message":"init","timestamp":"2022-09-14 10:57:15 PM +0200"}
{"level":"info","message":"init","timestamp":"2022-09-14 10:57:18 PM +0200"}
{"level":"info","message":"init","timestamp":"2022-09-14 10:57:28 PM +0200"}
{"level":"info","message":"init","timestamp":"2022-09-14 10:57:34 PM +0200"}
{"level":"info","message":"init","timestamp":"2022-09-14 10:57:38 PM +0200"}
{"level":"info","message":"init","timestamp":"2022-09-14 10:57:40 PM +0200"}
{"level":"info","message":"init","timestamp":"2022-09-14 10:58:02 PM +0200"}
{"level":"info","message":"init","timestamp":"2022-09-14 10:58:10 PM +0200"}
{"level":"info","message":"init","timestamp":"2022-09-14 10:58:24 PM +0200"}
{"level":"info","message":"init","timestamp":"2022-09-14 10:58:27 PM +0200"}
{"level":"info","message":"init","timestamp":"2022-09-14 10:58:32 PM +0200"}
{"level":"info","message":"init","timestamp":"2022-09-14 10:58:36 PM +0200"}
{"level":"info","message":"init","timestamp":"2022-09-14 10:58:38 PM +0200"}
{"level":"info","message":"init","timestamp":"2022-09-14 10:58:39 PM +0200"}
{"level":"info","message":"init","timestamp":"2022-09-14 10:58:43 PM +0200"}
{"level":"info","message":"init","timestamp":"2022-09-14 10:58:45 PM +0200"}
{"level":"info","message":"init","timestamp":"2022-09-14 10:58:47 PM +0200"}
{"level":"info","message":"init","timestamp":"2022-09-14 10:58:49 PM +0200"}
{"level":"info","message":"init","timestamp":"2022-09-14 10:58:51 PM +0200"}
{"level":"info","message":"init","timestamp":"2022-09-14 10:58:55 PM +0200"}
{"level":"info","message":"init","timestamp":"2022-09-14 10:58:57 PM +0200"}
{"level":"info","message":"init","timestamp":"2022-09-14 10:58:59 PM +0200"}
{"level":"info","message":"init","timestamp":"2022-09-14 10:59:01 PM +0200"}
{"level":"info","message":"init","timestamp":"2022-09-14 10:59:03 PM +0200"}
{"level":"info","message":"init","timestamp":"2022-09-14 10:59:08 PM +0200"}
{"level":"info","message":"init","timestamp":"2022-09-14 10:59:13 PM +0200"}
{"level":"info","message":"init","timestamp":"2022-09-14 10:59:14 PM +0200"}
{"level":"info","message":"init","timestamp":"2022-09-14 10:59:17 PM +0200"}
{"level":"info","message":"init","timestamp":"2022-09-14 10:59:20 PM +0200"}
{"level":"info","message":"init","timestamp":"2022-09-14 10:59:23 PM +0200"}
{"level":"info","message":"init","timestamp":"2022-09-14 10:59:26 PM +0200"}
{"level":"info","message":"init","timestamp":"2022-09-14 10:59:27 PM +0200"}
{"level":"info","message":"init","timestamp":"2022-09-14 10:59:32 PM +0200"}
{"level":"info","message":"init","timestamp":"2022-09-14 10:59:34 PM +0200"}
{"level":"info","message":"init","timestamp":"2022-09-14 10:59:42 PM +0200"}
{"level":"info","message":"init","timestamp":"2022-09-14 10:59:44 PM +0200"}
{"level":"info","message":"init","timestamp":"2022-09-14 10:59:46 PM +0200"}
{"level":"info","message":"init","timestamp":"2022-09-14 10:59:48 PM +0200"}
{"level":"info","message":"init","timestamp":"2022-09-14 10:59:52 PM +0200"}
{"level":"info","message":"init","timestamp":"2022-09-14 11:00:02 PM +0200"}
{"level":"info","message":"init","timestamp":"2022-09-14 11:00:04 PM +0200"}
{"level":"info","message":"init","timestamp":"2022-09-14 11:00:06 PM +0200"}
{"level":"info","message":"init","timestamp":"2022-09-14 11:00:09 PM +0200"}
{"level":"info","message":"init","timestamp":"2022-09-14 11:00:13 PM +0200"}
{"level":"info","message":"init","timestamp":"2022-09-14 11:00:16 PM +0200"}
{"level":"info","message":"init","timestamp":"2022-09-14 11:00:19 PM +0200"}
{"level":"info","message":"init","timestamp":"2022-09-14 11:00:22 PM +0200"}
{"level":"info","message":"init","timestamp":"2022-09-14 11:00:27 PM +0200"}
{"level":"info","message":"init","timestamp":"2022-09-14 11:03:39 PM +0200"}
{"level":"info","message":"init","timestamp":"2022-09-14 11:03:47 PM +0200"}
{"level":"info","message":"init","timestamp":"2022-09-14 11:03:52 PM +0200"}
{"level":"info","message":"init","timestamp":"2022-09-14 11:04:00 PM +0200"}
{"level":"info","message":"init","timestamp":"2022-09-14 11:04:03 PM +0200"}
{"level":"info","message":"init","timestamp":"2022-09-14 11:04:17 PM +0200"}
{"level":"info","message":"init","timestamp":"2022-09-14 11:04:18 PM +0200"}
{"level":"info","message":"init","timestamp":"2022-09-14 11:06:44 PM +0200"}
{"level":"info","message":"init","timestamp":"2022-09-14 11:07:11 PM +0200"}
{"level":"info","message":"init","timestamp":"2022-09-14 11:10:27 PM +0200"}
{"level":"info","message":"init","timestamp":"2022-09-14 11:10:34 PM +0200"}
{"level":"info","message":"init","timestamp":"2022-09-14 11:10:36 PM +0200"}
{"level":"info","message":"init","timestamp":"2022-09-14 11:10:57 PM +0200"}
{"level":"info","message":"init","timestamp":"2022-09-14 11:10:58 PM +0200"}
{"level":"info","message":"init","timestamp":"2022-09-14 11:11:04 PM +0200"}
{"level":"info","message":"init","timestamp":"2022-09-14 11:13:04 PM +0200"}
{"level":"info","message":"init","timestamp":"2022-09-14 11:24:53 PM +0200"}
{"level":"info","message":"init","timestamp":"2022-09-14 11:24:56 PM +0200"}
{"level":"info","message":"init","timestamp":"2022-09-14 11:24:57 PM +0200"}
{"level":"info","message":"init","timestamp":"2022-09-14 11:25:00 PM +0200"}
{"level":"info","message":"init","timestamp":"2022-09-14 11:25:02 PM +0200"}
{"level":"info","message":"init","timestamp":"2022-09-14 11:25:05 PM +0200"}
{"level":"info","message":"init","timestamp":"2022-09-14 11:25:06 PM +0200"}
{"level":"info","message":"init","timestamp":"2022-09-14 11:25:08 PM +0200"}
{"level":"info","message":"init","timestamp":"2022-09-14 11:25:14 PM +0200"}
{"level":"info","message":"init","timestamp":"2022-09-14 11:25:30 PM +0200"}
{"level":"info","message":"init","timestamp":"2022-09-14 11:25:33 PM +0200"}
{"level":"info","message":"init","timestamp":"2022-09-14 11:25:36 PM +0200"}
{"date":"Wed Sep 14 2022 23:25:36 GMT+0200 (heure d’été d’Europe centrale)","error":{},"exception":true,"level":"error","message":"uncaughtException: path is not defined\nReferenceError: path is not defined\n    at Object.<anonymous> (C:\\Users\\sarra\\documents\\Sarr_Alassane_P6_Piquante\\backend\\app.js:30:37)\n    at Module._compile (node:internal/modules/cjs/loader:1126:14)\n    at Object.Module._extensions..js (node:internal/modules/cjs/loader:1180:10)\n    at Module.load (node:internal/modules/cjs/loader:1004:32)\n    at Function.Module._load (node:internal/modules/cjs/loader:839:12)\n    at Module.require (node:internal/modules/cjs/loader:1028:19)\n    at require (node:internal/modules/cjs/helpers:102:18)\n    at Object.<anonymous> (C:\\Users\\sarra\\documents\\Sarr_Alassane_P6_Piquante\\backend\\server.js:2:13)\n    at Module._compile (node:internal/modules/cjs/loader:1126:14)\n    at Object.Module._extensions..js (node:internal/modules/cjs/loader:1180:10)","os":{"loadavg":[0,0,0],"uptime":479732},"process":{"argv":["C:\\Program Files\\nodejs\\node.exe","C:\\Users\\sarra\\documents\\Sarr_Alassane_P6_Piquante\\backend\\server.js"],"cwd":"C:\\Users\\sarra\\documents\\Sarr_Alassane_P6_Piquante\\backend","execPath":"C:\\Program Files\\nodejs\\node.exe","gid":null,"memoryUsage":{"arrayBuffers":18310534,"external":23973931,"heapTotal":38522880,"heapUsed":22940840,"rss":65511424},"pid":6688,"uid":null,"version":"v16.17.0"},"stack":"ReferenceError: path is not defined\n    at Object.<anonymous> (C:\\Users\\sarra\\documents\\Sarr_Alassane_P6_Piquante\\backend\\app.js:30:37)\n    at Module._compile (node:internal/modules/cjs/loader:1126:14)\n    at Object.Module._extensions..js (node:internal/modules/cjs/loader:1180:10)\n    at Module.load (node:internal/modules/cjs/loader:1004:32)\n    at Function.Module._load (node:internal/modules/cjs/loader:839:12)\n    at Module.require (node:internal/modules/cjs/loader:1028:19)\n    at require (node:internal/modules/cjs/helpers:102:18)\n    at Object.<anonymous> (C:\\Users\\sarra\\documents\\Sarr_Alassane_P6_Piquante\\backend\\server.js:2:13)\n    at Module._compile (node:internal/modules/cjs/loader:1126:14)\n    at Object.Module._extensions..js (node:internal/modules/cjs/loader:1180:10)","timestamp":"2022-09-14 11:25:36 PM +0200","trace":[{"column":37,"file":"C:\\Users\\sarra\\documents\\Sarr_Alassane_P6_Piquante\\backend\\app.js","function":null,"line":30,"method":null,"native":false},{"column":14,"file":"node:internal/modules/cjs/loader","function":"Module._compile","line":1126,"method":"_compile","native":false},{"column":10,"file":"node:internal/modules/cjs/loader","function":"Module._extensions..js","line":1180,"method":".js","native":false},{"column":32,"file":"node:internal/modules/cjs/loader","function":"Module.load","line":1004,"method":"load","native":false},{"column":12,"file":"node:internal/modules/cjs/loader","function":"Module._load","line":839,"method":"_load","native":false},{"column":19,"file":"node:internal/modules/cjs/loader","function":"Module.require","line":1028,"method":"require","native":false},{"column":18,"file":"node:internal/modules/cjs/helpers","function":"require","line":102,"method":null,"native":false},{"column":13,"file":"C:\\Users\\sarra\\documents\\Sarr_Alassane_P6_Piquante\\backend\\server.js","function":null,"line":2,"method":null,"native":false},{"column":14,"file":"node:internal/modules/cjs/loader","function":"Module._compile","line":1126,"method":"_compile","native":false},{"column":10,"file":"node:internal/modules/cjs/loader","function":"Module._extensions..js","line":1180,"method":".js","native":false}]}
{"level":"info","message":"init","timestamp":"2022-09-14 11:25:38 PM +0200"}
{"level":"info","message":"init","timestamp":"2022-09-14 11:25:39 PM +0200"}
{"level":"info","message":"init","timestamp":"2022-09-14 11:25:43 PM +0200"}
{"level":"info","message":"init","timestamp":"2022-09-14 11:25:45 PM +0200"}
{"level":"info","message":"init","timestamp":"2022-09-14 11:25:49 PM +0200"}
{"level":"info","message":"init","timestamp":"2022-09-14 11:26:51 PM +0200"}
{"level":"info","message":"init","timestamp":"2022-09-14 11:26:56 PM +0200"}
{"level":"info","message":"init","timestamp":"2022-09-14 11:27:01 PM +0200"}
{"level":"info","message":"init","timestamp":"2022-09-14 11:27:04 PM +0200"}
{"level":"info","message":"init","timestamp":"2022-09-14 11:27:09 PM +0200"}
{"level":"info","message":"init","timestamp":"2022-09-14 11:27:11 PM +0200"}
{"level":"info","message":"init","timestamp":"2022-09-14 11:27:22 PM +0200"}
{"level":"info","message":"init","timestamp":"2022-09-14 11:27:46 PM +0200"}
{"level":"info","message":"init","timestamp":"2022-09-14 11:28:50 PM +0200"}
{"level":"info","message":"init","timestamp":"2022-09-14 11:28:53 PM +0200"}
{"level":"info","message":"init","timestamp":"2022-09-14 11:31:49 PM +0200"}
{"level":"info","message":"init","timestamp":"2022-09-14 11:32:42 PM +0200"}
{"level":"info","message":"init","timestamp":"2022-09-14 11:33:18 PM +0200"}
{"level":"info","message":"init","timestamp":"2022-09-14 11:33:27 PM +0200"}
{"level":"info","message":"init","timestamp":"2022-09-14 11:40:46 PM +0200"}
{"level":"info","message":"init","timestamp":"2022-09-14 11:43:30 PM +0200"}
{"level":"info","message":"init","timestamp":"2022-09-14 11:43:56 PM +0200"}
{"level":"info","message":"init","timestamp":"2022-09-14 11:46:28 PM +0200"}
{"level":"info","message":"init","timestamp":"2022-09-14 11:46:36 PM +0200"}
{"level":"info","message":"init","timestamp":"2022-09-14 11:46:40 PM +0200"}
{"level":"info","message":"init","timestamp":"2022-09-14 11:46:42 PM +0200"}
{"level":"info","message":"init","timestamp":"2022-09-14 11:46:44 PM +0200"}
{"level":"info","message":"init","timestamp":"2022-09-14 11:46:46 PM +0200"}
{"level":"info","message":"init","timestamp":"2022-09-14 11:46:50 PM +0200"}
{"level":"info","message":"init","timestamp":"2022-09-14 11:46:55 PM +0200"}
{"level":"info","message":"init","timestamp":"2022-09-14 11:49:33 PM +0200"}
{"level":"info","message":"init","timestamp":"2022-09-14 11:49:39 PM +0200"}
{"level":"info","message":"init","timestamp":"2022-09-14 11:50:00 PM +0200"}
{"level":"info","message":"init","timestamp":"2022-09-14 11:50:07 PM +0200"}
{"level":"info","message":"init","timestamp":"2022-09-14 11:50:09 PM +0200"}
{"level":"info","message":"init","timestamp":"2022-09-14 11:50:17 PM +0200"}
{"level":"info","message":"init","timestamp":"2022-09-14 11:50:20 PM +0200"}
{"level":"info","message":"init","timestamp":"2022-09-14 11:50:25 PM +0200"}
{"level":"info","message":"init","timestamp":"2022-09-14 11:50:28 PM +0200"}
{"level":"info","message":"init","timestamp":"2022-09-14 11:51:00 PM +0200"}
{"level":"info","message":"init","timestamp":"2022-09-14 11:51:01 PM +0200"}
{"level":"info","message":"init","timestamp":"2022-09-14 11:51:02 PM +0200"}
{"level":"info","message":"init","timestamp":"2022-09-14 11:51:07 PM +0200"}
{"level":"info","message":"init","timestamp":"2022-09-14 11:51:19 PM +0200"}
{"level":"info","message":"init","timestamp":"2022-09-14 11:51:21 PM +0200"}
{"level":"info","message":"init","timestamp":"2022-09-14 11:51:24 PM +0200"}
{"level":"info","message":"init","timestamp":"2022-09-14 11:51:34 PM +0200"}
{"level":"info","message":"init","timestamp":"2022-09-14 11:51:38 PM +0200"}
{"level":"info","message":"init","timestamp":"2022-09-14 11:51:40 PM +0200"}
{"level":"info","message":"init","timestamp":"2022-09-14 11:51:42 PM +0200"}
{"level":"info","message":"init","timestamp":"2022-09-14 11:51:47 PM +0200"}
{"level":"info","message":"init","timestamp":"2022-09-14 11:51:51 PM +0200"}
{"level":"info","message":"init","timestamp":"2022-09-14 11:51:54 PM +0200"}
{"level":"info","message":"init","timestamp":"2022-09-14 11:51:56 PM +0200"}
{"level":"info","message":"init","timestamp":"2022-09-14 11:52:02 PM +0200"}
{"level":"info","message":"init","timestamp":"2022-09-14 11:52:03 PM +0200"}
{"level":"info","message":"init","timestamp":"2022-09-14 11:52:09 PM +0200"}
{"level":"info","message":"init","timestamp":"2022-09-14 11:52:14 PM +0200"}
{"level":"info","message":"init","timestamp":"2022-09-14 11:58:24 PM +0200"}
{"level":"info","message":"init","timestamp":"2022-09-14 11:58:53 PM +0200"}
{"level":"info","message":"init","timestamp":"2022-09-15 12:01:25 AM +0200"}
{"level":"info","message":"init","timestamp":"2022-09-15 12:01:35 AM +0200"}
{"level":"info","message":"init","timestamp":"2022-09-16 11:41:35 AM +0200"}
{"level":"info","message":"init","timestamp":"2022-09-16 11:41:47 AM +0200"}
{"level":"info","message":"init","timestamp":"2022-09-16 11:42:14 AM +0200"}
{"level":"info","message":"init","timestamp":"2022-09-16 11:42:18 AM +0200"}
{"level":"info","message":"init","timestamp":"2022-09-16 11:42:22 AM +0200"}
{"level":"info","message":"init","timestamp":"2022-09-16 11:42:24 AM +0200"}
{"level":"info","message":"init","timestamp":"2022-09-16 11:42:26 AM +0200"}
{"level":"info","message":"init","timestamp":"2022-09-16 11:42:30 AM +0200"}
{"level":"info","message":"init","timestamp":"2022-09-16 11:42:32 AM +0200"}
{"level":"info","message":"init","timestamp":"2022-09-16 11:42:47 AM +0200"}
{"level":"info","message":"init","timestamp":"2022-09-16 11:42:56 AM +0200"}
{"level":"info","message":"init","timestamp":"2022-09-16 11:43:36 AM +0200"}
{"level":"info","message":"init","timestamp":"2022-09-16 11:43:37 AM +0200"}
{"level":"info","message":"init","timestamp":"2022-09-16 11:44:21 AM +0200"}
{"level":"info","message":"init","timestamp":"2022-09-16 11:44:27 AM +0200"}
{"level":"info","message":"init","timestamp":"2022-09-16 11:44:31 AM +0200"}
{"level":"info","message":"init","timestamp":"2022-09-16 11:44:33 AM +0200"}
{"level":"info","message":"init","timestamp":"2022-09-16 11:44:34 AM +0200"}
{"level":"info","message":"init","timestamp":"2022-09-16 11:44:41 AM +0200"}
{"level":"info","message":"init","timestamp":"2022-09-16 11:44:45 AM +0200"}
{"level":"info","message":"init","timestamp":"2022-09-16 11:44:46 AM +0200"}
{"level":"info","message":"init","timestamp":"2022-09-16 11:44:50 AM +0200"}
{"level":"info","message":"init","timestamp":"2022-09-16 11:44:55 AM +0200"}
{"level":"info","message":"init","timestamp":"2022-09-16 11:45:01 AM +0200"}
{"level":"info","message":"init","timestamp":"2022-09-16 11:45:05 AM +0200"}
{"level":"info","message":"init","timestamp":"2022-09-16 11:45:10 AM +0200"}
{"level":"info","message":"init","timestamp":"2022-09-16 11:45:14 AM +0200"}
{"level":"info","message":"init","timestamp":"2022-09-16 11:45:25 AM +0200"}
{"level":"info","message":"init","timestamp":"2022-09-16 11:45:52 AM +0200"}
{"level":"info","message":"init","timestamp":"2022-09-16 11:45:56 AM +0200"}
{"level":"info","message":"init","timestamp":"2022-09-16 11:45:57 AM +0200"}
{"level":"info","message":"init","timestamp":"2022-09-16 11:46:00 AM +0200"}
{"level":"info","message":"init","timestamp":"2022-09-16 11:46:05 AM +0200"}
{"level":"info","message":"init","timestamp":"2022-09-16 11:46:17 AM +0200"}
{"level":"info","message":"init","timestamp":"2022-09-16 11:46:43 AM +0200"}
{"level":"info","message":"init","timestamp":"2022-09-16 11:47:00 AM +0200"}
{"level":"info","message":"init","timestamp":"2022-09-16 11:47:02 AM +0200"}
{"level":"info","message":"init","timestamp":"2022-09-16 11:47:04 AM +0200"}
{"level":"info","message":"init","timestamp":"2022-09-16 11:47:08 AM +0200"}
{"level":"info","message":"init","timestamp":"2022-09-16 11:47:11 AM +0200"}
{"level":"info","message":"init","timestamp":"2022-09-16 11:47:12 AM +0200"}
{"level":"info","message":"init","timestamp":"2022-09-16 11:47:18 AM +0200"}
{"level":"info","message":"init","timestamp":"2022-09-16 11:47:22 AM +0200"}
{"level":"info","message":"init","timestamp":"2022-09-16 11:47:25 AM +0200"}
{"level":"info","message":"init","timestamp":"2022-09-16 11:47:29 AM +0200"}
{"level":"info","message":"init","timestamp":"2022-09-16 11:47:31 AM +0200"}
{"level":"info","message":"init","timestamp":"2022-09-16 11:47:36 AM +0200"}
{"level":"info","message":"init","timestamp":"2022-09-16 11:47:43 AM +0200"}
{"level":"info","message":"init","timestamp":"2022-09-16 11:47:45 AM +0200"}
{"level":"info","message":"init","timestamp":"2022-09-16 11:47:49 AM +0200"}
{"level":"info","message":"init","timestamp":"2022-09-16 11:47:52 AM +0200"}
{"level":"info","message":"init","timestamp":"2022-09-16 11:47:53 AM +0200"}
{"level":"info","message":"init","timestamp":"2022-09-16 11:48:10 AM +0200"}
{"level":"info","message":"init","timestamp":"2022-09-16 11:48:18 AM +0200"}
{"level":"info","message":"signup save ok for test4@gmail.com","timestamp":"2022-09-16 11:58:55 AM +0200"}
{"level":"info","message":"init","timestamp":"2022-09-16 12:01:19 PM +0200"}
